[debug] [2020-09-03T16:17:11.035Z] ----------------------------------------------------------------------
[debug] [2020-09-03T16:17:11.038Z] Command:       /Users/mcmilton/.nvm/versions/node/v12.14.1/bin/node /Users/mcmilton/.nvm/versions/node/v12.14.1/bin/firebase deploy
[debug] [2020-09-03T16:17:11.038Z] CLI Version:   8.9.2
[debug] [2020-09-03T16:17:11.038Z] Platform:      darwin
[debug] [2020-09-03T16:17:11.038Z] Node Version:  v12.14.1
[debug] [2020-09-03T16:17:11.051Z] Time:          Thu Sep 03 2020 18:17:11 GMT+0200 (GMT+02:00)
[debug] [2020-09-03T16:17:11.051Z] ----------------------------------------------------------------------
[debug] [2020-09-03T16:17:11.051Z] 
[debug] [2020-09-03T16:17:11.068Z] > command requires scopes: ["email","openid","https://www.googleapis.com/auth/cloudplatformprojects.readonly","https://www.googleapis.com/auth/firebase","https://www.googleapis.com/auth/cloud-platform"]
[debug] [2020-09-03T16:17:11.069Z] > authorizing via signed-in user
[debug] [2020-09-03T16:17:11.069Z] [iam] checking project politocastelldefels for permissions ["firebase.projects.get","firebasehosting.sites.update"]
[debug] [2020-09-03T16:17:11.071Z] > refreshing access token with scopes: ["email","https://www.googleapis.com/auth/cloud-platform","https://www.googleapis.com/auth/cloudplatformprojects.readonly","https://www.googleapis.com/auth/firebase","openid"]
[debug] [2020-09-03T16:17:11.071Z] >>> HTTP REQUEST POST https://www.googleapis.com/oauth2/v3/token  
 <request body omitted>
[debug] [2020-09-03T16:17:11.315Z] <<< HTTP RESPONSE 200 {"content-type":"application/json; charset=utf-8","vary":"X-Origin, Referer, Origin,Accept-Encoding","date":"Thu, 03 Sep 2020 16:17:12 GMT","server":"scaffolding on HTTPServer2","cache-control":"private","x-xss-protection":"0","x-frame-options":"SAMEORIGIN","x-content-type-options":"nosniff","alt-svc":"h3-29=\":443\"; ma=2592000,h3-27=\":443\"; ma=2592000,h3-T051=\":443\"; ma=2592000,h3-T050=\":443\"; ma=2592000,h3-Q050=\":443\"; ma=2592000,h3-Q046=\":443\"; ma=2592000,h3-Q043=\":443\"; ma=2592000,quic=\":443\"; ma=2592000; v=\"46,43\"","accept-ranges":"none","transfer-encoding":"chunked"}
[debug] [2020-09-03T16:17:11.345Z] >>> HTTP REQUEST POST https://cloudresourcemanager.googleapis.com/v1/projects/politocastelldefels:testIamPermissions  
 {"permissions":["firebase.projects.get","firebasehosting.sites.update"]}
[debug] [2020-09-03T16:17:12.328Z] <<< HTTP RESPONSE 200 {"content-type":"application/json; charset=UTF-8","vary":"X-Origin, Referer, Origin,Accept-Encoding","date":"Thu, 03 Sep 2020 16:17:13 GMT","server":"ESF","cache-control":"private","x-xss-protection":"0","x-frame-options":"SAMEORIGIN","x-content-type-options":"nosniff","server-timing":"gfet4t7; dur=814","alt-svc":"h3-29=\":443\"; ma=2592000,h3-27=\":443\"; ma=2592000,h3-T051=\":443\"; ma=2592000,h3-T050=\":443\"; ma=2592000,h3-Q050=\":443\"; ma=2592000,h3-Q046=\":443\"; ma=2592000,h3-Q043=\":443\"; ma=2592000,quic=\":443\"; ma=2592000; v=\"46,43\"","accept-ranges":"none","transfer-encoding":"chunked"}
[debug] [2020-09-03T16:17:12.328Z] [iam] error while checking permissions, command may fail: FirebaseError: Authorization failed. This account is missing the following required permissions on project politocastelldefels:

  firebase.projects.get
  firebasehosting.sites.update
[debug] [2020-09-03T16:17:12.329Z] >>> HTTP REQUEST GET https://firebase.googleapis.com/v1beta1/projects/politocastelldefels  
 
